# JRE version: OpenJDK Runtime Environment Microsoft-11369865 (17.0.15+6) (build 17.0.15+6-LTS)
# Java VM: OpenJDK 64-Bit Server VM Microsoft-11369865 (17.0.15+6-LTS, mixed mode, sharing, tiered, compressed oops, compressed class ptrs, g1 gc, windows-amd64)
GC Precious Log:
 CPUs: 8 total, 8 available
 Memory: 8035M
 Large Page Support: Disabled
 NUMA Support: Disabled
 Compressed Oops: Enabled (32-bit)
 Heap Region Size: 1M
 Heap Min Capacity: 8M
 Heap Initial Capacity: 126M
 Heap Max Capacity: 2010M
 Pre-touch: Disabled
 Parallel Workers: 8
 Concurrent Workers: 2
 Concurrent Refinement Workers: 8
 Periodic GC: Disabled
Heap:
 garbage-first heap   total 209920K, used 133340K [0x0000000082600000, 0x0000000100000000)
  region size 1024K, 7 young (7168K), 7 survivors (7168K)
 Metaspace       used 68340K, committed 68672K, reserved 1114112K
  class space    used 7289K, committed 7424K, reserved 1048576K
GC Heap History (20 events):
Event: 7.587 GC heap after
{Heap after GC invocations=21 (full 0):
 garbage-first heap   total 189440K, used 73996K [0x0000000082600000, 0x0000000100000000)
  region size 1024K, 2 young (2048K), 2 survivors (2048K)
 Metaspace       used 51131K, committed 51392K, reserved 1114112K
  class space    used 5941K, committed 6080K, reserved 1048576K
}
Event: 8.127 GC heap before
{Heap before GC invocations=21 (full 0):
 garbage-first heap   total 189440K, used 134412K [0x0000000082600000, 0x0000000100000000)
  region size 1024K, 61 young (62464K), 2 survivors (2048K)
 Metaspace       used 51803K, committed 52160K, reserved 1114112K
  class space    used 5975K, committed 6144K, reserved 1048576K
}
Event: 8.136 GC heap after
{Heap after GC invocations=22 (full 0):
 garbage-first heap   total 189440K, used 82944K [0x0000000082600000, 0x0000000100000000)
  region size 1024K, 8 young (8192K), 8 survivors (8192K)
 Metaspace       used 51803K, committed 52160K, reserved 1114112K
  class space    used 5975K, committed 6144K, reserved 1048576K
}
Event: 8.884 GC heap before
{Heap before GC invocations=22 (full 0):
 garbage-first heap   total 189440K, used 140288K [0x0000000082600000, 0x0000000100000000)
  region size 1024K, 64 young (65536K), 8 survivors (8192K)
 Metaspace       used 52270K, committed 52608K, reserved 1114112K
  class space    used 5985K, committed 6144K, reserved 1048576K
}
Event: 8.894 GC heap after
{Heap after GC invocations=23 (full 0):
 garbage-first heap   total 189440K, used 89590K [0x0000000082600000, 0x0000000100000000)
  region size 1024K, 7 young (7168K), 7 survivors (7168K)
 Metaspace       used 52270K, committed 52608K, reserved 1114112K
  class space    used 5985K, committed 6144K, reserved 1048576K
}
Event: 9.555 GC heap before
{Heap before GC invocations=23 (full 0):
 garbage-first heap   total 189440K, used 144886K [0x0000000082600000, 0x0000000100000000)
  region size 1024K, 61 young (62464K), 7 survivors (7168K)
 Metaspace       used 54208K, committed 54528K, reserved 1114112K
  class space    used 6158K, committed 6272K, reserved 1048576K
}
Event: 9.562 GC heap after
{Heap after GC invocations=24 (full 0):
 garbage-first heap   total 189440K, used 94781K [0x0000000082600000, 0x0000000100000000)
  region size 1024K, 5 young (5120K), 5 survivors (5120K)
 Metaspace       used 54208K, committed 54528K, reserved 1114112K
  class space    used 6158K, committed 6272K, reserved 1048576K
}
Event: 10.599 GC heap before
{Heap before GC invocations=24 (full 0):
 garbage-first heap   total 189440K, used 149053K [0x0000000082600000, 0x0000000100000000)
  region size 1024K, 58 young (59392K), 5 survivors (5120K)
 Metaspace       used 56479K, committed 56768K, reserved 1114112K
  class space    used 6283K, committed 6400K, reserved 1048576K
}
Event: 10.608 GC heap after
{Heap after GC invocations=25 (full 0):
 garbage-first heap   total 189440K, used 100605K [0x0000000082600000, 0x0000000100000000)
  region size 1024K, 6 young (6144K), 6 survivors (6144K)
 Metaspace       used 56479K, committed 56768K, reserved 1114112K
  class space    used 6283K, committed 6400K, reserved 1048576K
}
Event: 11.798 GC heap before
{Heap before GC invocations=26 (full 0):
 garbage-first heap   total 189440K, used 150781K [0x0000000082600000, 0x0000000100000000)
  region size 1024K, 56 young (57344K), 6 survivors (6144K)
 Metaspace       used 58711K, committed 59008K, reserved 1114112K
  class space    used 6483K, committed 6656K, reserved 1048576K
}
Event: 11.807 GC heap after
{Heap after GC invocations=27 (full 0):
 garbage-first heap   total 189440K, used 109302K [0x0000000082600000, 0x0000000100000000)
  region size 1024K, 7 young (7168K), 7 survivors (7168K)
 Metaspace       used 58711K, committed 59008K, reserved 1114112K
  class space    used 6483K, committed 6656K, reserved 1048576K
}
Event: 11.867 GC heap before
{Heap before GC invocations=27 (full 0):
 garbage-first heap   total 189440K, used 110326K [0x0000000082600000, 0x0000000100000000)
  region size 1024K, 9 young (9216K), 7 survivors (7168K)
 Metaspace       used 59137K, committed 59392K, reserved 1114112K
  class space    used 6521K, committed 6656K, reserved 1048576K
}
Event: 11.875 GC heap after
{Heap after GC invocations=28 (full 0):
 garbage-first heap   total 189440K, used 109568K [0x0000000082600000, 0x0000000100000000)
  region size 1024K, 1 young (1024K), 1 survivors (1024K)
 Metaspace       used 59137K, committed 59392K, reserved 1114112K
  class space    used 6521K, committed 6656K, reserved 1048576K
}
Event: 13.624 GC heap before
{Heap before GC invocations=28 (full 0):
 garbage-first heap   total 189440K, used 151552K [0x0000000082600000, 0x0000000100000000)
  region size 1024K, 42 young (43008K), 1 survivors (1024K)
 Metaspace       used 63891K, committed 64192K, reserved 1114112K
  class space    used 6927K, committed 7104K, reserved 1048576K
}
Event: 13.632 GC heap after
{Heap after GC invocations=29 (full 0):
 garbage-first heap   total 189440K, used 116094K [0x0000000082600000, 0x0000000100000000)
  region size 1024K, 6 young (6144K), 6 survivors (6144K)
 Metaspace       used 63891K, committed 64192K, reserved 1114112K
  class space    used 6927K, committed 7104K, reserved 1048576K
}
Event: 14.437 GC heap before
{Heap before GC invocations=30 (full 0):
 garbage-first heap   total 209920K, used 150910K [0x0000000082600000, 0x0000000100000000)
  region size 1024K, 40 young (40960K), 6 survivors (6144K)
 Metaspace       used 66513K, committed 66880K, reserved 1114112K
  class space    used 7122K, committed 7296K, reserved 1048576K
}
Event: 14.445 GC heap after
{Heap after GC invocations=31 (full 0):
 garbage-first heap   total 209920K, used 120173K [0x0000000082600000, 0x0000000100000000)
  region size 1024K, 4 young (4096K), 4 survivors (4096K)
 Metaspace       used 66513K, committed 66880K, reserved 1114112K
  class space    used 7122K, committed 7296K, reserved 1048576K
}
Event: 14.480 GC heap before
{Heap before GC invocations=31 (full 0):
 garbage-first heap   total 209920K, used 126317K [0x0000000082600000, 0x0000000100000000)
  region size 1024K, 10 young (10240K), 4 survivors (4096K)
 Metaspace       used 66623K, committed 67008K, reserved 1114112K
  class space    used 7129K, committed 7296K, reserved 1048576K
}
Event: 14.485 GC heap after
{Heap after GC invocations=32 (full 0):
 garbage-first heap   total 209920K, used 119723K [0x0000000082600000, 0x0000000100000000)
  region size 1024K, 1 young (1024K), 1 survivors (1024K)
 Metaspace       used 66623K, committed 67008K, reserved 1114112K
  class space    used 7129K, committed 7296K, reserved 1048576K
}
Event: 15.720 GC heap before
{Heap before GC invocations=32 (full 0):
 garbage-first heap   total 209920K, used 169899K [0x0000000082600000, 0x0000000100000000)
  region size 1024K, 50 young (51200K), 1 survivors (1024K)
 Metaspace       used 68340K, committed 68672K, reserved 1114112K
  class space    used 7289K, committed 7424K, reserved 1048576K
}

